[2016-10-03 07:31:38] local.ERROR: exception 'RuntimeException' with message 'OpenSSL extension is required.' in C:\phpStudy\WWW\laravel-v5.0.22\vendor\laravel\framework\src\Illuminate\Support\Str.php:218
Stack trace:
#0 C:\phpStudy\WWW\laravel-v5.0.22\vendor\laravel\framework\src\Illuminate\Support\helpers.php(668): Illuminate\Support\Str::random(25)
#1 C:\phpStudy\WWW\laravel-v5.0.22\vendor\laravel\framework\src\Illuminate\Session\Store.php(192): str_random(25)
#2 C:\phpStudy\WWW\laravel-v5.0.22\vendor\laravel\framework\src\Illuminate\Session\Store.php(168): Illuminate\Session\Store->generateSessionId()
#3 C:\phpStudy\WWW\laravel-v5.0.22\vendor\laravel\framework\src\Illuminate\Session\Store.php(77): Illuminate\Session\Store->setId(NULL)
#4 C:\phpStudy\WWW\laravel-v5.0.22\vendor\laravel\framework\src\Illuminate\Session\SessionManager.php(173): Illuminate\Session\Store->__construct('laravel_session', Object(Illuminate\Session\FileSessionHandler))
#5 C:\phpStudy\WWW\laravel-v5.0.22\vendor\laravel\framework\src\Illuminate\Session\SessionManager.php(60): Illuminate\Session\SessionManager->buildSession(Object(Illuminate\Session\FileSessionHandler))
#6 C:\phpStudy\WWW\laravel-v5.0.22\vendor\laravel\framework\src\Illuminate\Session\SessionManager.php(48): Illuminate\Session\SessionManager->createNativeDriver()
#7 C:\phpStudy\WWW\laravel-v5.0.22\vendor\laravel\framework\src\Illuminate\Support\Manager.php(89): Illuminate\Session\SessionManager->createFileDriver()
#8 C:\phpStudy\WWW\laravel-v5.0.22\vendor\laravel\framework\src\Illuminate\Support\Manager.php(62): Illuminate\Support\Manager->createDriver('file')
#9 C:\phpStudy\WWW\laravel-v5.0.22\vendor\laravel\framework\src\Illuminate\Session\Middleware\StartSession.php(116): Illuminate\Support\Manager->driver()
#10 C:\phpStudy\WWW\laravel-v5.0.22\vendor\laravel\framework\src\Illuminate\Session\Middleware\StartSession.php(101): Illuminate\Session\Middleware\StartSession->getSession(Object(Illuminate\Http\Request))
#11 C:\phpStudy\WWW\laravel-v5.0.22\vendor\laravel\framework\src\Illuminate\Session\Middleware\StartSession.php(56): Illuminate\Session\Middleware\StartSession->startSession(Object(Illuminate\Http\Request))
#12 C:\phpStudy\WWW\laravel-v5.0.22\vendor\laravel\framework\src\Illuminate\Pipeline\Pipeline.php(125): Illuminate\Session\Middleware\StartSession->handle(Object(Illuminate\Http\Request), Object(Closure))
#13 C:\phpStudy\WWW\laravel-v5.0.22\vendor\laravel\framework\src\Illuminate\Cookie\Middleware\AddQueuedCookiesToResponse.php(36): Illuminate\Pipeline\Pipeline->Illuminate\Pipeline\{closure}(Object(Illuminate\Http\Request))
#14 C:\phpStudy\WWW\laravel-v5.0.22\vendor\laravel\framework\src\Illuminate\Pipeline\Pipeline.php(125): Illuminate\Cookie\Middleware\AddQueuedCookiesToResponse->handle(Object(Illuminate\Http\Request), Object(Closure))
#15 C:\phpStudy\WWW\laravel-v5.0.22\vendor\laravel\framework\src\Illuminate\Cookie\Middleware\EncryptCookies.php(40): Illuminate\Pipeline\Pipeline->Illuminate\Pipeline\{closure}(Object(Illuminate\Http\Request))
#16 C:\phpStudy\WWW\laravel-v5.0.22\vendor\laravel\framework\src\Illuminate\Pipeline\Pipeline.php(125): Illuminate\Cookie\Middleware\EncryptCookies->handle(Object(Illuminate\Http\Request), Object(Closure))
#17 C:\phpStudy\WWW\laravel-v5.0.22\vendor\laravel\framework\src\Illuminate\Foundation\Http\Middleware\CheckForMaintenanceMode.php(42): Illuminate\Pipeline\Pipeline->Illuminate\Pipeline\{closure}(Object(Illuminate\Http\Request))
#18 C:\phpStudy\WWW\laravel-v5.0.22\vendor\laravel\framework\src\Illuminate\Pipeline\Pipeline.php(125): Illuminate\Foundation\Http\Middleware\CheckForMaintenanceMode->handle(Object(Illuminate\Http\Request), Object(Closure))
#19 [internal function]: Illuminate\Pipeline\Pipeline->Illuminate\Pipeline\{closure}(Object(Illuminate\Http\Request))
#20 C:\phpStudy\WWW\laravel-v5.0.22\vendor\laravel\framework\src\Illuminate\Pipeline\Pipeline.php(101): call_user_func(Object(Closure), Object(Illuminate\Http\Request))
#21 C:\phpStudy\WWW\laravel-v5.0.22\vendor\laravel\framework\src\Illuminate\Foundation\Http\Kernel.php(111): Illuminate\Pipeline\Pipeline->then(Object(Closure))
#22 C:\phpStudy\WWW\laravel-v5.0.22\vendor\laravel\framework\src\Illuminate\Foundation\Http\Kernel.php(84): Illuminate\Foundation\Http\Kernel->sendRequestThroughRouter(Object(Illuminate\Http\Request))
#23 C:\phpStudy\WWW\laravel-v5.0.22\public\index.php(53): Illuminate\Foundation\Http\Kernel->handle(Object(Illuminate\Http\Request))
#24 {main}  
[2016-10-03 07:31:38] local.ERROR: exception 'RuntimeException' with message 'OpenSSL extension is required.' in C:\phpStudy\WWW\laravel-v5.0.22\vendor\laravel\framework\src\Illuminate\Support\Str.php:218
Stack trace:
#0 C:\phpStudy\WWW\laravel-v5.0.22\vendor\laravel\framework\src\Illuminate\Support\helpers.php(668): Illuminate\Support\Str::random(25)
#1 C:\phpStudy\WWW\laravel-v5.0.22\vendor\laravel\framework\src\Illuminate\Session\Store.php(192): str_random(25)
#2 C:\phpStudy\WWW\laravel-v5.0.22\vendor\laravel\framework\src\Illuminate\Session\Store.php(168): Illuminate\Session\Store->generateSessionId()
#3 C:\phpStudy\WWW\laravel-v5.0.22\vendor\laravel\framework\src\Illuminate\Session\Store.php(77): Illuminate\Session\Store->setId(NULL)
#4 C:\phpStudy\WWW\laravel-v5.0.22\vendor\laravel\framework\src\Illuminate\Session\SessionManager.php(173): Illuminate\Session\Store->__construct('laravel_session', Object(Illuminate\Session\FileSessionHandler))
#5 C:\phpStudy\WWW\laravel-v5.0.22\vendor\laravel\framework\src\Illuminate\Session\SessionManager.php(60): Illuminate\Session\SessionManager->buildSession(Object(Illuminate\Session\FileSessionHandler))
#6 C:\phpStudy\WWW\laravel-v5.0.22\vendor\laravel\framework\src\Illuminate\Session\SessionManager.php(48): Illuminate\Session\SessionManager->createNativeDriver()
#7 C:\phpStudy\WWW\laravel-v5.0.22\vendor\laravel\framework\src\Illuminate\Support\Manager.php(89): Illuminate\Session\SessionManager->createFileDriver()
#8 C:\phpStudy\WWW\laravel-v5.0.22\vendor\laravel\framework\src\Illuminate\Support\Manager.php(62): Illuminate\Support\Manager->createDriver('file')
#9 C:\phpStudy\WWW\laravel-v5.0.22\vendor\laravel\framework\src\Illuminate\Session\Middleware\StartSession.php(245): Illuminate\Support\Manager->driver()
#10 C:\phpStudy\WWW\laravel-v5.0.22\vendor\laravel\framework\src\Illuminate\Session\Middleware\StartSession.php(87): Illuminate\Session\Middleware\StartSession->usingCookieSessions()
#11 C:\phpStudy\WWW\laravel-v5.0.22\vendor\laravel\framework\src\Illuminate\Foundation\Http\Kernel.php(131): Illuminate\Session\Middleware\StartSession->terminate(Object(Illuminate\Http\Request), Object(Symfony\Component\HttpFoundation\Response))
#12 C:\phpStudy\WWW\laravel-v5.0.22\public\index.php(57): Illuminate\Foundation\Http\Kernel->terminate(Object(Illuminate\Http\Request), Object(Symfony\Component\HttpFoundation\Response))
#13 {main}  
