[ 2017-01-12T22:41:24+08:00 ] ::1 ::1 GET /tp/public/
[ log ] localhost/tp/public/ [运行时间：0.078004s][吞吐率：12.82req/s] [内存消耗：1,298.51kb] [文件加载：36]
[ info ] [ LANG ] C:\phpStudy\WWW\test\TP\thinkphp\lang\zh-cn.php
[ info ] [ ROUTE ] array (
  'type' => 'module',
  'module' => 
  array (
    0 => '',
    1 => NULL,
    2 => NULL,
  ),
)
[ info ] [ HEADER ] array (
  'host' => 'localhost',
  'connection' => 'keep-alive',
  'cache-control' => 'max-age=0',
  'upgrade-insecure-requests' => '1',
  'user-agent' => 'Mozilla/5.0 (Windows NT 6.1; WOW64) AppleWebKit/537.36 (KHTML, like Gecko) Chrome/56.0.2914.3 Safari/537.36',
  'accept' => 'text/html,application/xhtml+xml,application/xml;q=0.9,image/webp,*/*;q=0.8',
  'referer' => 'http://localhost/tp/',
  'accept-encoding' => 'gzip, deflate, sdch, br',
  'accept-language' => 'zh-CN,zh;q=0.8',
  'cookie' => 'ECS[visit_times]=1; XSRF-TOKEN=eyJpdiI6IlJzdnpMTkczemNOakVrVzdJWlNoYmc9PSIsInZhbHVlIjoieXRYVENJNHo3Qmw2MDBIZG1LUjhlb1FOQW5QbDE0N3JicmhpWHFPQVRENHJlSGRqNkhYbHNLb1FRb1pKM25RUlJUZjh0TDh6aVFtTUdrclVJcit5dXc9PSIsIm1hYyI6IjcxMDg5NzY3NzcxYmE5NzQwZGMzNDIwNzRlNGU3MmVjNjRkYTUwMzdhMTI1YzViMDMyMWYwZmRiNjhjMGY0NDUifQ%3D%3D; laravel_session=eyJpdiI6ImUrT1dVUGdSdGdzMFV2WGQ3T1ErZmc9PSIsInZhbHVlIjoicFErSCtUbHJ2QjExVlkyN2c4XC9jTUpvYjNaeW5cL3JQWDNtaTRJNGFqYmxXdHh5V1dDNFFGWk1pTUZYNnFFQzh6Rk1uWWhyVEVuUnUzY2RVTWUzcEZMZz09IiwibWFjIjoiNTI1YWExMjEwZGE5MTgxNDIzYzE1ZmMzNDA3ZmNjMjhkMWQxZGJmOGRiMWY3NGM5OWFlNGQzMzJkOWFjOGExNiJ9',
)
[ info ] [ PARAM ] array (
)
[ info ] [ RUN ] app\index\controller\Index->index[ C:\phpStudy\WWW\test\TP\application\index\controller\Index.php ]
[ info ] [ LOG ] INIT File

---------------------------------------------------------------
[ 2017-01-12T22:42:58+08:00 ] ::1 ::1 GET /tp/public/
[ log ] localhost/tp/public/ [运行时间：0.026001s][吞吐率：38.46req/s] [内存消耗：1,298.60kb] [文件加载：36]
[ info ] [ LANG ] C:\phpStudy\WWW\test\TP\thinkphp\lang\zh-cn.php
[ info ] [ ROUTE ] array (
  'type' => 'module',
  'module' => 
  array (
    0 => '',
    1 => NULL,
    2 => NULL,
  ),
)
[ info ] [ HEADER ] array (
  'host' => 'localhost',
  'connection' => 'keep-alive',
  'cache-control' => 'max-age=0',
  'upgrade-insecure-requests' => '1',
  'user-agent' => 'Mozilla/5.0 (Windows NT 6.1; WOW64) AppleWebKit/537.36 (KHTML, like Gecko) Chrome/56.0.2914.3 Safari/537.36',
  'accept' => 'text/html,application/xhtml+xml,application/xml;q=0.9,image/webp,*/*;q=0.8',
  'referer' => 'http://localhost/tp/',
  'accept-encoding' => 'gzip, deflate, sdch, br',
  'accept-language' => 'zh-CN,zh;q=0.8',
  'cookie' => 'ECS[visit_times]=1; XSRF-TOKEN=eyJpdiI6IlJzdnpMTkczemNOakVrVzdJWlNoYmc9PSIsInZhbHVlIjoieXRYVENJNHo3Qmw2MDBIZG1LUjhlb1FOQW5QbDE0N3JicmhpWHFPQVRENHJlSGRqNkhYbHNLb1FRb1pKM25RUlJUZjh0TDh6aVFtTUdrclVJcit5dXc9PSIsIm1hYyI6IjcxMDg5NzY3NzcxYmE5NzQwZGMzNDIwNzRlNGU3MmVjNjRkYTUwMzdhMTI1YzViMDMyMWYwZmRiNjhjMGY0NDUifQ%3D%3D; laravel_session=eyJpdiI6ImUrT1dVUGdSdGdzMFV2WGQ3T1ErZmc9PSIsInZhbHVlIjoicFErSCtUbHJ2QjExVlkyN2c4XC9jTUpvYjNaeW5cL3JQWDNtaTRJNGFqYmxXdHh5V1dDNFFGWk1pTUZYNnFFQzh6Rk1uWWhyVEVuUnUzY2RVTWUzcEZMZz09IiwibWFjIjoiNTI1YWExMjEwZGE5MTgxNDIzYzE1ZmMzNDA3ZmNjMjhkMWQxZGJmOGRiMWY3NGM5OWFlNGQzMzJkOWFjOGExNiJ9; pgv_pvi=2345354240; pgv_si=s76841984',
)
[ info ] [ PARAM ] array (
)
[ info ] [ RUN ] app\index\controller\Index->index[ C:\phpStudy\WWW\test\TP\application\index\controller\Index.php ]
[ info ] [ LOG ] INIT File

---------------------------------------------------------------
